<?xml version="1.0" encoding="UTF-8"?>
<!-- Generated by org.testng.reporters.JUnitXMLReporter -->
<testsuite ignored="2" hostname="Harsha" failures="0" tests="1" name="Default test" time="22.779" errors="0" timestamp="23 Apr 2023 05:13:31 GMT">
  <testcase classname="TestCases.LoginTest" name="test4" time="11.856"/>
  <testcase classname="TestCases.LoginTest" name="test2" time="0.0">
    <ignored/>
  </testcase> <!-- test2 -->
  <testcase classname="TestCases.LoginTest" name="test1" time="0.0">
    <ignored/>
  </testcase> <!-- test1 -->
</testsuite> <!-- Default test -->
