<?xml version="1.0" encoding="UTF-8"?>
<!-- Generated by org.testng.reporters.JUnitXMLReporter -->
<testsuite ignored="2" hostname="Harsha" failures="0" tests="3" name="Test" time="25.042" errors="0" timestamp="22 Apr 2023 06:34:22 GMT">
  <testcase classname="TestCases.Baseclass" name="@BeforeMethod setup" time="0.022">
    <failure type="java.lang.NullPointerException" message="Cannot invoke &amp;quot;com.relevantcodes.extentreports.ExtentReports.startTest(String)&amp;quot; because &amp;quot;this.report&amp;quot; is null">
      <![CDATA[java.lang.NullPointerException: Cannot invoke "com.relevantcodes.extentreports.ExtentReports.startTest(String)" because "this.report" is null
at TestCases.Baseclass.setup(Baseclass.java:30)
... Removed 28 stack frames]]>
    </failure>
  </testcase> <!-- @BeforeMethod setup -->
  <testcase classname="TestCases.Baseclass" name="@AfterMethod closeall" time="0.0">
    <skipped/>
  </testcase> <!-- @AfterMethod closeall -->
  <testcase classname="TestCases.LoginTest" name="test1" time="7.004"/>
  <testcase classname="TestCases.LoginTest" name="test2" time="6.433"/>
  <testcase classname="TestCases.Homepagetest" name="test3" time="0.0">
    <skipped/>
  </testcase> <!-- test3 -->
  <testcase classname="TestCases.Baseclass" name="@AfterTest ReportCleen" time="0.0">
    <ignored/>
  </testcase> <!-- @AfterTest ReportCleen -->
  <testcase classname="TestCases.Baseclass" name="@BeforeTest Reportsetup" time="0.0">
    <ignored/>
  </testcase> <!-- @BeforeTest Reportsetup -->
</testsuite> <!-- Test -->
