<?xml version="1.0" encoding="UTF-8"?>
<!-- Generated by org.testng.reporters.JUnitXMLReporter -->
<testsuite hostname="Harsha" ignored="2" name="Test" tests="3" failures="0" timestamp="23 Apr 2023 04:15:20 GMT" time="43.919" errors="0">
  <testcase name="@BeforeMethod setup" time="0.039" classname="TestCases.Baseclass">
    <failure type="java.lang.NullPointerException">
      <![CDATA[java.lang.NullPointerException
at TestCases.Baseclass.setup(Baseclass.java:30)
... Removed 32 stack frames]]>
    </failure>
  </testcase> <!-- @BeforeMethod setup -->
  <testcase name="@AfterMethod closeall" time="0.0" classname="TestCases.Baseclass">
    <skipped/>
  </testcase> <!-- @AfterMethod closeall -->
  <testcase name="test1" time="9.757" classname="TestCases.LoginTest"/>
  <testcase name="test2" time="14.475" classname="TestCases.LoginTest"/>
  <testcase name="test3" time="0.0" classname="TestCases.Homepagetest">
    <skipped/>
  </testcase> <!-- test3 -->
  <testcase name="@AfterTest ReportCleen" time="0.0" classname="TestCases.Baseclass">
    <ignored/>
  </testcase> <!-- @AfterTest ReportCleen -->
  <testcase name="@BeforeTest Reportsetup" time="0.0" classname="TestCases.Baseclass">
    <ignored/>
  </testcase> <!-- @BeforeTest Reportsetup -->
</testsuite> <!-- Test -->
