<?xml version="1.0" encoding="UTF-8"?>
<testng-results ignored="2" total="3" passed="1" failed="0" skipped="0">
  <reporter-output>
  </reporter-output>
  <suite started-at="2023-04-23T05:13:09Z" name="Default suite" finished-at="2023-04-23T05:13:31Z" duration-ms="22779">
    <groups>
    </groups>
    <test started-at="2023-04-23T05:13:09Z" name="Default test" finished-at="2023-04-23T05:13:31Z" duration-ms="22779">
      <class name="TestCases.LoginTest">
        <test-method is-config="true" signature="Reportsetup()[pri:0, instance:TestCases.LoginTest@54eb2b70]" started-at="2023-04-23T05:13:09Z" name="Reportsetup" finished-at="2023-04-23T05:13:11Z" duration-ms="1958" status="PASS">
          <reporter-output>
          </reporter-output>
        </test-method> <!-- Reportsetup -->
        <test-method is-config="true" signature="setup(java.lang.reflect.Method)[pri:0, instance:TestCases.LoginTest@54eb2b70]" started-at="2023-04-23T05:13:11Z" name="setup" finished-at="2023-04-23T05:13:18Z" duration-ms="7209" status="PASS">
          <params>
            <param index="0">
              <value>
                <![CDATA[public void TestCases.LoginTest.test4() throws com.codoid.products.exception.FilloException]]>
              </value>
            </param>
          </params>
          <reporter-output>
          </reporter-output>
        </test-method> <!-- setup -->
        <test-method signature="test4()[pri:0, instance:TestCases.LoginTest@54eb2b70]" started-at="2023-04-23T05:13:18Z" name="test4" finished-at="2023-04-23T05:13:30Z" duration-ms="11856" status="PASS">
          <reporter-output>
          </reporter-output>
        </test-method> <!-- test4 -->
        <test-method is-config="true" signature="closeall()[pri:0, instance:TestCases.LoginTest@54eb2b70]" started-at="2023-04-23T05:13:30Z" name="closeall" finished-at="2023-04-23T05:13:31Z" duration-ms="870" status="PASS">
          <reporter-output>
          </reporter-output>
        </test-method> <!-- closeall -->
        <test-method is-config="true" signature="ReportCleen()[pri:0, instance:TestCases.LoginTest@54eb2b70]" started-at="2023-04-23T05:13:31Z" name="ReportCleen" finished-at="2023-04-23T05:13:31Z" duration-ms="816" status="PASS">
          <reporter-output>
          </reporter-output>
        </test-method> <!-- ReportCleen -->
      </class> <!-- TestCases.LoginTest -->
    </test> <!-- Default test -->
  </suite> <!-- Default suite -->
</testng-results>
